<?xml version="1.0" encoding="UTF-8"?>
<testng-results ignored="0" total="1" passed="1" failed="0" skipped="0">
  <reporter-output>
  </reporter-output>
  <suite started-at="2025-09-07T01:00:34 IST" name="Default suite" finished-at="2025-09-07T01:00:59 IST" duration-ms="25214">
    <groups>
    </groups>
    <test started-at="2025-09-07T01:00:34 IST" name="Default test" finished-at="2025-09-07T01:00:59 IST" duration-ms="25214">
      <class name="testcases.LoginTest">
        <test-method is-config="true" signature="setUp()[pri:0, instance:testcases.LoginTest@385c9627]" started-at="2025-09-07T01:00:34 IST" name="setUp" finished-at="2025-09-07T01:00:50 IST" duration-ms="15635" status="PASS">
          <reporter-output>
          </reporter-output>
        </test-method> <!-- setUp -->
        <test-method signature="loginWithExcelData()[pri:0, instance:testcases.LoginTest@385c9627]" started-at="2025-09-07T01:00:50 IST" name="loginWithExcelData" finished-at="2025-09-07T01:00:59 IST" duration-ms="9518" status="PASS">
          <reporter-output>
          </reporter-output>
        </test-method> <!-- loginWithExcelData -->
      </class> <!-- testcases.LoginTest -->
    </test> <!-- Default test -->
  </suite> <!-- Default suite -->
</testng-results>
